TN:
SF:app.js
FN:22,(anonymous_0)
FN:26,(anonymous_1)
FN:34,(anonymous_2)
FN:51,(anonymous_3)
FNF:4
FNH:3
FNDA:0,(anonymous_0)
FNDA:10,(anonymous_1)
FNDA:40,(anonymous_2)
FNDA:2,(anonymous_3)
DA:5,2
DA:6,2
DA:7,2
DA:8,2
DA:9,2
DA:11,2
DA:13,2
DA:14,2
DA:15,2
DA:18,2
DA:19,2
DA:20,2
DA:22,2
DA:23,0
DA:26,2
DA:27,10
DA:28,10
DA:32,2
DA:35,40
DA:41,2
DA:44,2
DA:47,2
DA:50,2
DA:51,2
DA:52,2
DA:56,2
LF:26
LH:25
BRDA:50,0,0,2
BRDA:50,0,1,0
BRF:2
BRH:1
end_of_record
TN:
SF:config\mongo.js
FN:5,(anonymous_0)
FNF:1
FNH:1
FNDA:2,(anonymous_0)
DA:3,2
DA:5,2
DA:9,2
DA:12,2
DA:15,2
DA:16,2
DA:17,2
DA:19,0
DA:23,2
LF:9
LH:8
BRDA:9,0,0,2
BRDA:9,0,1,0
BRF:2
BRH:1
end_of_record
TN:
SF:controllers\client.js
FN:9,(anonymous_0)
FN:56,(anonymous_1)
FN:80,(anonymous_2)
FN:114,(anonymous_3)
FN:153,(anonymous_4)
FN:190,(anonymous_5)
FN:227,(anonymous_6)
FN:251,(anonymous_7)
FNF:8
FNH:0
FNDA:0,(anonymous_0)
FNDA:0,(anonymous_1)
FNDA:0,(anonymous_2)
FNDA:0,(anonymous_3)
FNDA:0,(anonymous_4)
FNDA:0,(anonymous_5)
FNDA:0,(anonymous_6)
FNDA:0,(anonymous_7)
DA:4,2
DA:5,2
DA:6,2
DA:9,2
DA:10,0
DA:11,0
DA:12,0
DA:15,0
DA:21,0
DA:22,0
DA:26,0
DA:29,0
DA:30,0
DA:31,0
DA:35,0
DA:41,0
DA:42,0
DA:46,0
DA:48,0
DA:50,0
DA:51,0
DA:56,2
DA:57,0
DA:58,0
DA:60,0
DA:65,0
DA:66,0
DA:70,0
DA:72,0
DA:74,0
DA:75,0
DA:80,2
DA:81,0
DA:82,0
DA:83,0
DA:85,0
DA:88,0
DA:89,0
DA:90,0
DA:95,0
DA:101,0
DA:102,0
DA:103,0
DA:106,0
DA:108,0
DA:109,0
DA:114,2
DA:115,0
DA:116,0
DA:117,0
DA:119,0
DA:122,0
DA:123,0
DA:124,0
DA:129,0
DA:135,0
DA:136,0
DA:137,0
DA:141,0
DA:145,0
DA:147,0
DA:148,0
DA:153,2
DA:154,0
DA:155,0
DA:156,0
DA:158,0
DA:161,0
DA:162,0
DA:163,0
DA:168,0
DA:174,0
DA:175,0
DA:176,0
DA:180,0
DA:182,0
DA:184,0
DA:185,0
DA:190,2
DA:191,0
DA:192,0
DA:193,0
DA:195,0
DA:198,0
DA:199,0
DA:200,0
DA:205,0
DA:211,0
DA:212,0
DA:213,0
DA:217,0
DA:219,0
DA:221,0
DA:222,0
DA:227,2
DA:228,0
DA:229,0
DA:231,0
DA:236,0
DA:237,0
DA:241,0
DA:243,0
DA:245,0
DA:246,0
DA:251,2
DA:252,0
DA:253,0
DA:254,0
DA:257,0
DA:260,0
DA:261,0
DA:262,0
DA:267,0
DA:272,0
DA:273,0
DA:274,0
DA:278,0
DA:281,0
DA:283,0
DA:288,0
DA:289,0
DA:293,2
LF:122
LH:12
BRDA:21,0,0,0
BRDA:21,0,1,0
BRDA:29,1,0,0
BRDA:29,1,1,0
BRDA:41,2,0,0
BRDA:41,2,1,0
BRDA:65,3,0,0
BRDA:65,3,1,0
BRDA:88,4,0,0
BRDA:88,4,1,0
BRDA:95,5,0,0
BRDA:95,5,1,0
BRDA:95,5,2,0
BRDA:95,5,3,0
BRDA:101,6,0,0
BRDA:101,6,1,0
BRDA:122,7,0,0
BRDA:122,7,1,0
BRDA:129,8,0,0
BRDA:129,8,1,0
BRDA:129,8,2,0
BRDA:129,8,3,0
BRDA:135,9,0,0
BRDA:135,9,1,0
BRDA:161,10,0,0
BRDA:161,10,1,0
BRDA:168,11,0,0
BRDA:168,11,1,0
BRDA:168,11,2,0
BRDA:168,11,3,0
BRDA:174,12,0,0
BRDA:174,12,1,0
BRDA:198,13,0,0
BRDA:198,13,1,0
BRDA:205,14,0,0
BRDA:205,14,1,0
BRDA:205,14,2,0
BRDA:205,14,3,0
BRDA:211,15,0,0
BRDA:211,15,1,0
BRDA:236,16,0,0
BRDA:236,16,1,0
BRDA:260,17,0,0
BRDA:260,17,1,0
BRDA:267,18,0,0
BRDA:267,18,1,0
BRDA:267,18,2,0
BRDA:267,18,3,0
BRDA:272,19,0,0
BRDA:272,19,1,0
BRF:50
BRH:0
end_of_record
TN:
SF:controllers\deliveryNote.js
FN:19,(anonymous_0)
FN:93,(anonymous_1)
FN:121,(anonymous_2)
FN:165,(anonymous_3)
FN:212,(anonymous_4)
FN:255,(anonymous_5)
FN:367,(anonymous_6)
FN:390,(anonymous_7)
FN:502,(anonymous_8)
FN:614,(anonymous_9)
FN:717,(anonymous_10)
FNF:11
FNH:0
FNDA:0,(anonymous_0)
FNDA:0,(anonymous_1)
FNDA:0,(anonymous_2)
FNDA:0,(anonymous_3)
FNDA:0,(anonymous_4)
FNDA:0,(anonymous_5)
FNDA:0,(anonymous_6)
FNDA:0,(anonymous_7)
FNDA:0,(anonymous_8)
FNDA:0,(anonymous_9)
FNDA:0,(anonymous_10)
DA:4,2
DA:5,2
DA:12,2
DA:13,2
DA:14,2
DA:15,2
DA:16,2
DA:19,2
DA:20,0
DA:21,0
DA:22,0
DA:25,0
DA:27,0
DA:28,0
DA:29,0
DA:34,0
DA:39,0
DA:40,0
DA:45,0
DA:49,0
DA:51,0
DA:52,0
DA:53,0
DA:58,0
DA:63,0
DA:64,0
DA:69,0
DA:73,0
DA:79,0
DA:80,0
DA:83,0
DA:85,0
DA:87,0
DA:88,0
DA:93,2
DA:94,0
DA:95,0
DA:97,0
DA:102,0
DA:103,0
DA:107,0
DA:113,0
DA:115,0
DA:116,0
DA:121,2
DA:122,0
DA:123,0
DA:124,0
DA:127,0
DA:140,0
DA:141,0
DA:142,0
DA:147,0
DA:152,0
DA:153,0
DA:154,0
DA:157,0
DA:159,0
DA:160,0
DA:165,2
DA:166,0
DA:167,0
DA:168,0
DA:171,0
DA:173,0
DA:174,0
DA:175,0
DA:180,0
DA:186,0
DA:187,0
DA:188,0
DA:192,0
DA:193,0
DA:194,0
DA:198,0
DA:204,0
DA:206,0
DA:207,0
DA:212,2
DA:213,0
DA:214,0
DA:215,0
DA:218,0
DA:221,0
DA:222,0
DA:223,0
DA:228,0
DA:233,0
DA:234,0
DA:235,0
DA:239,0
DA:240,0
DA:241,0
DA:245,0
DA:247,0
DA:249,0
DA:250,0
DA:255,2
DA:256,0
DA:257,0
DA:258,0
DA:259,0
DA:262,0
DA:263,0
DA:264,0
DA:268,0
DA:270,0
DA:271,0
DA:272,0
DA:277,0
DA:282,0
DA:283,0
DA:284,0
DA:288,0
DA:289,0
DA:290,0
DA:294,0
DA:295,0
DA:296,0
DA:299,0
DA:311,0
DA:314,0
DA:315,0
DA:316,0
DA:317,0
DA:318,0
DA:321,0
DA:323,0
DA:327,0
DA:328,0
DA:331,0
DA:343,0
DA:346,0
DA:347,0
DA:350,0
DA:356,0
DA:361,0
DA:362,0
DA:367,2
DA:369,0
DA:381,0
DA:382,0
DA:386,0
DA:389,0
DA:390,0
DA:393,0
DA:394,0
DA:397,0
DA:398,0
DA:399,0
DA:402,0
DA:403,0
DA:404,0
DA:405,0
DA:406,0
DA:407,0
DA:408,0
DA:413,0
DA:415,0
DA:416,0
DA:417,0
DA:419,0
DA:420,0
DA:421,0
DA:422,0
DA:423,0
DA:424,0
DA:425,0
DA:427,0
DA:429,0
DA:432,0
DA:433,0
DA:434,0
DA:435,0
DA:436,0
DA:437,0
DA:442,0
DA:444,0
DA:445,0
DA:446,0
DA:447,0
DA:450,0
DA:451,0
DA:452,0
DA:453,0
DA:456,0
DA:457,0
DA:460,0
DA:461,0
DA:462,0
DA:465,0
DA:466,0
DA:467,0
DA:468,0
DA:469,0
DA:472,0
DA:473,0
DA:477,0
DA:481,0
DA:485,0
DA:491,0
DA:494,0
DA:500,0
DA:502,0
DA:503,0
DA:504,0
DA:506,0
DA:509,0
DA:519,0
DA:525,0
DA:533,0
DA:541,0
DA:548,0
DA:552,0
DA:558,0
DA:564,0
DA:568,0
DA:569,0
DA:572,0
DA:573,0
DA:574,0
DA:577,0
DA:578,0
DA:579,0
DA:580,0
DA:581,0
DA:584,0
DA:585,0
DA:589,0
DA:593,0
DA:597,0
DA:603,0
DA:606,0
DA:612,0
DA:614,0
DA:615,0
DA:616,0
DA:618,0
DA:621,0
DA:624,0
DA:630,0
DA:636,0
DA:644,0
DA:651,0
DA:655,0
DA:661,0
DA:667,0
DA:671,0
DA:672,0
DA:673,0
DA:674,0
DA:678,0
DA:684,0
DA:687,0
DA:688,0
DA:689,0
DA:693,0
DA:694,0
DA:696,0
DA:697,0
DA:699,0
DA:700,0
DA:702,0
DA:703,0
DA:705,0
DA:706,0
DA:710,0
DA:713,0
DA:717,2
DA:718,0
DA:719,0
DA:720,0
DA:723,0
DA:725,0
DA:726,0
DA:727,0
DA:732,0
DA:737,0
DA:738,0
DA:739,0
DA:743,0
DA:745,0
DA:749,0
DA:752,0
DA:753,0
DA:759,0
DA:761,0
DA:762,0
DA:766,2
LF:289
LH:16
BRDA:27,0,0,0
BRDA:27,0,1,0
BRDA:34,1,0,0
BRDA:34,1,1,0
BRDA:34,1,2,0
BRDA:34,1,3,0
BRDA:39,2,0,0
BRDA:39,2,1,0
BRDA:51,3,0,0
BRDA:51,3,1,0
BRDA:58,4,0,0
BRDA:58,4,1,0
BRDA:58,4,2,0
BRDA:58,4,3,0
BRDA:63,5,0,0
BRDA:63,5,1,0
BRDA:79,6,0,0
BRDA:79,6,1,0
BRDA:102,7,0,0
BRDA:102,7,1,0
BRDA:140,8,0,0
BRDA:140,8,1,0
BRDA:147,9,0,0
BRDA:147,9,1,0
BRDA:147,9,2,0
BRDA:147,9,3,0
BRDA:152,10,0,0
BRDA:152,10,1,0
BRDA:173,11,0,0
BRDA:173,11,1,0
BRDA:180,12,0,0
BRDA:180,12,1,0
BRDA:180,12,2,0
BRDA:180,12,3,0
BRDA:186,13,0,0
BRDA:186,13,1,0
BRDA:192,14,0,0
BRDA:192,14,1,0
BRDA:221,15,0,0
BRDA:221,15,1,0
BRDA:228,16,0,0
BRDA:228,16,1,0
BRDA:228,16,2,0
BRDA:228,16,3,0
BRDA:233,17,0,0
BRDA:233,17,1,0
BRDA:239,18,0,0
BRDA:239,18,1,0
BRDA:262,19,0,0
BRDA:262,19,1,0
BRDA:270,20,0,0
BRDA:270,20,1,0
BRDA:277,21,0,0
BRDA:277,21,1,0
BRDA:277,21,2,0
BRDA:277,21,3,0
BRDA:282,22,0,0
BRDA:282,22,1,0
BRDA:288,23,0,0
BRDA:288,23,1,0
BRDA:381,24,0,0
BRDA:381,24,1,0
BRDA:403,25,0,0
BRDA:403,25,1,0
BRDA:405,26,0,0
BRDA:405,26,1,0
BRDA:407,27,0,0
BRDA:407,27,1,0
BRDA:409,28,0,0
BRDA:409,28,1,0
BRDA:409,29,0,0
BRDA:409,29,1,0
BRDA:410,30,0,0
BRDA:410,30,1,0
BRDA:413,31,0,0
BRDA:413,31,1,0
BRDA:415,32,0,0
BRDA:415,32,1,0
BRDA:416,33,0,0
BRDA:416,33,1,0
BRDA:417,34,0,0
BRDA:417,34,1,0
BRDA:420,35,0,0
BRDA:420,35,1,0
BRDA:422,36,0,0
BRDA:422,36,1,0
BRDA:423,37,0,0
BRDA:423,37,1,0
BRDA:423,38,0,0
BRDA:423,38,1,0
BRDA:424,39,0,0
BRDA:424,39,1,0
BRDA:425,40,0,0
BRDA:425,40,1,0
BRDA:434,41,0,0
BRDA:434,41,1,0
BRDA:436,42,0,0
BRDA:436,42,1,0
BRDA:438,43,0,0
BRDA:438,43,1,0
BRDA:438,44,0,0
BRDA:438,44,1,0
BRDA:439,45,0,0
BRDA:439,45,1,0
BRDA:442,46,0,0
BRDA:442,46,1,0
BRDA:444,47,0,0
BRDA:444,47,1,0
BRDA:445,48,0,0
BRDA:445,48,1,0
BRDA:446,49,0,0
BRDA:446,49,1,0
BRDA:452,50,0,0
BRDA:452,50,1,0
BRDA:456,51,0,0
BRDA:456,51,1,0
BRDA:456,52,0,0
BRDA:456,52,1,0
BRDA:503,53,0,0
BRDA:503,53,1,0
BRDA:511,54,0,0
BRDA:511,54,1,0
BRDA:526,55,0,0
BRDA:526,55,1,0
BRDA:526,56,0,0
BRDA:526,56,1,0
BRDA:534,57,0,0
BRDA:534,57,1,0
BRDA:542,58,0,0
BRDA:542,58,1,0
BRDA:560,59,0,0
BRDA:560,59,1,0
BRDA:568,60,0,0
BRDA:568,60,1,0
BRDA:568,61,0,0
BRDA:568,61,1,0
BRDA:615,62,0,0
BRDA:615,62,1,0
BRDA:630,63,0,0
BRDA:630,63,1,0
BRDA:637,64,0,0
BRDA:637,64,1,0
BRDA:637,65,0,0
BRDA:637,65,1,0
BRDA:645,66,0,0
BRDA:645,66,1,0
BRDA:663,67,0,0
BRDA:663,67,1,0
BRDA:671,68,0,0
BRDA:671,68,1,0
BRDA:687,69,0,0
BRDA:687,69,1,0
BRDA:725,70,0,0
BRDA:725,70,1,0
BRDA:732,71,0,0
BRDA:732,71,1,0
BRDA:732,71,2,0
BRDA:732,71,3,0
BRDA:737,72,0,0
BRDA:737,72,1,0
BRDA:743,73,0,0
BRDA:743,73,1,0
BRF:162
BRH:0
end_of_record
TN:
SF:controllers\project.js
FN:9,(anonymous_0)
FN:68,(anonymous_1)
FN:91,(anonymous_2)
FN:124,(anonymous_3)
FN:159,(anonymous_4)
FN:192,(anonymous_5)
FN:227,(anonymous_6)
FN:250,(anonymous_7)
FNF:8
FNH:0
FNDA:0,(anonymous_0)
FNDA:0,(anonymous_1)
FNDA:0,(anonymous_2)
FNDA:0,(anonymous_3)
FNDA:0,(anonymous_4)
FNDA:0,(anonymous_5)
FNDA:0,(anonymous_6)
FNDA:0,(anonymous_7)
DA:4,2
DA:5,2
DA:6,2
DA:9,2
DA:10,0
DA:11,0
DA:12,0
DA:15,0
DA:18,0
DA:19,0
DA:20,0
DA:25,0
DA:30,0
DA:31,0
DA:32,0
DA:36,0
DA:41,0
DA:42,0
DA:43,0
DA:47,0
DA:53,0
DA:54,0
DA:58,0
DA:60,0
DA:62,0
DA:63,0
DA:68,2
DA:69,0
DA:70,0
DA:72,0
DA:77,0
DA:78,0
DA:81,0
DA:83,0
DA:85,0
DA:86,0
DA:91,2
DA:92,0
DA:93,0
DA:94,0
DA:96,0
DA:99,0
DA:100,0
DA:101,0
DA:106,0
DA:111,0
DA:112,0
DA:113,0
DA:116,0
DA:118,0
DA:119,0
DA:124,2
DA:125,0
DA:126,0
DA:127,0
DA:129,0
DA:131,0
DA:132,0
DA:133,0
DA:137,0
DA:142,0
DA:143,0
DA:144,0
DA:147,0
DA:151,0
DA:153,0
DA:154,0
DA:159,2
DA:160,0
DA:161,0
DA:162,0
DA:164,0
DA:166,0
DA:167,0
DA:168,0
DA:172,0
DA:177,0
DA:178,0
DA:179,0
DA:182,0
DA:184,0
DA:186,0
DA:187,0
DA:192,2
DA:193,0
DA:194,0
DA:195,0
DA:197,0
DA:199,0
DA:200,0
DA:201,0
DA:205,0
DA:210,0
DA:211,0
DA:212,0
DA:216,0
DA:217,0
DA:219,0
DA:221,0
DA:222,0
DA:227,2
DA:228,0
DA:229,0
DA:231,0
DA:236,0
DA:237,0
DA:240,0
DA:242,0
DA:244,0
DA:245,0
DA:250,2
DA:251,0
DA:252,0
DA:253,0
DA:255,0
DA:257,0
DA:258,0
DA:259,0
DA:263,0
DA:268,0
DA:269,0
DA:270,0
DA:274,0
DA:275,0
DA:277,0
DA:279,0
DA:280,0
DA:284,2
LF:128
LH:12
BRDA:18,0,0,0
BRDA:18,0,1,0
BRDA:25,1,0,0
BRDA:25,1,1,0
BRDA:25,1,2,0
BRDA:25,1,3,0
BRDA:30,2,0,0
BRDA:30,2,1,0
BRDA:41,3,0,0
BRDA:41,3,1,0
BRDA:53,4,0,0
BRDA:53,4,1,0
BRDA:77,5,0,0
BRDA:77,5,1,0
BRDA:99,6,0,0
BRDA:99,6,1,0
BRDA:106,7,0,0
BRDA:106,7,1,0
BRDA:106,7,2,0
BRDA:106,7,3,0
BRDA:111,8,0,0
BRDA:111,8,1,0
BRDA:131,9,0,0
BRDA:131,9,1,0
BRDA:137,10,0,0
BRDA:137,10,1,0
BRDA:137,10,2,0
BRDA:137,10,3,0
BRDA:142,11,0,0
BRDA:142,11,1,0
BRDA:166,12,0,0
BRDA:166,12,1,0
BRDA:172,13,0,0
BRDA:172,13,1,0
BRDA:172,13,2,0
BRDA:172,13,3,0
BRDA:177,14,0,0
BRDA:177,14,1,0
BRDA:199,15,0,0
BRDA:199,15,1,0
BRDA:205,16,0,0
BRDA:205,16,1,0
BRDA:205,16,2,0
BRDA:205,16,3,0
BRDA:210,17,0,0
BRDA:210,17,1,0
BRDA:236,18,0,0
BRDA:236,18,1,0
BRDA:257,19,0,0
BRDA:257,19,1,0
BRDA:263,20,0,0
BRDA:263,20,1,0
BRDA:263,20,2,0
BRDA:263,20,3,0
BRDA:268,21,0,0
BRDA:268,21,1,0
BRF:56
BRH:0
end_of_record
TN:
SF:controllers\user.js
FN:16,(anonymous_0)
FN:21,(anonymous_1)
FN:75,(anonymous_2)
FN:113,(anonymous_3)
FN:156,(anonymous_4)
FN:177,(anonymous_5)
FN:198,(anonymous_6)
FN:258,(anonymous_7)
FN:292,(anonymous_8)
FN:334,(anonymous_9)
FN:363,(anonymous_10)
FN:385,(anonymous_11)
FN:407,(anonymous_12)
FNF:13
FNH:1
FNDA:0,(anonymous_0)
FNDA:0,(anonymous_1)
FNDA:0,(anonymous_2)
FNDA:2,(anonymous_3)
FNDA:0,(anonymous_4)
FNDA:0,(anonymous_5)
FNDA:0,(anonymous_6)
FNDA:0,(anonymous_7)
FNDA:0,(anonymous_8)
FNDA:0,(anonymous_9)
FNDA:0,(anonymous_10)
FNDA:0,(anonymous_11)
FNDA:0,(anonymous_12)
DA:4,2
DA:5,2
DA:6,2
DA:7,2
DA:8,2
DA:12,2
DA:13,2
DA:16,2
DA:17,0
DA:21,2
DA:22,0
DA:23,0
DA:26,0
DA:27,0
DA:28,0
DA:29,0
DA:33,0
DA:36,0
DA:37,0
DA:39,0
DA:42,0
DA:50,0
DA:53,0
DA:56,0
DA:57,0
DA:58,0
DA:61,0
DA:64,0
DA:69,0
DA:70,0
DA:75,2
DA:76,0
DA:77,0
DA:78,0
DA:81,0
DA:82,0
DA:83,0
DA:87,0
DA:88,0
DA:89,0
DA:93,0
DA:94,0
DA:95,0
DA:99,0
DA:100,0
DA:101,0
DA:102,0
DA:105,0
DA:107,0
DA:108,0
DA:113,2
DA:114,2
DA:115,2
DA:118,2
DA:123,2
DA:124,0
DA:125,0
DA:129,2
DA:130,2
DA:133,2
DA:134,2
DA:135,2
DA:139,0
DA:142,0
DA:145,0
DA:150,0
DA:151,0
DA:156,2
DA:157,0
DA:158,0
DA:161,0
DA:169,0
DA:171,0
DA:172,0
DA:177,2
DA:178,0
DA:179,0
DA:180,0
DA:184,0
DA:190,0
DA:192,0
DA:193,0
DA:198,2
DA:199,0
DA:200,0
DA:201,0
DA:204,0
DA:206,0
DA:213,0
DA:216,0
DA:222,0
DA:225,0
DA:228,0
DA:229,0
DA:230,0
DA:234,0
DA:238,0
DA:239,0
DA:243,0
DA:249,0
DA:252,0
DA:253,0
DA:258,2
DA:259,0
DA:260,0
DA:263,0
DA:265,0
DA:267,0
DA:268,0
DA:272,0
DA:273,0
DA:274,0
DA:277,0
DA:278,0
DA:279,0
DA:282,0
DA:284,0
DA:286,0
DA:287,0
DA:292,2
DA:293,0
DA:294,0
DA:297,0
DA:300,0
DA:301,0
DA:302,0
DA:306,0
DA:307,0
DA:308,0
DA:312,0
DA:313,0
DA:314,0
DA:318,0
DA:321,0
DA:322,0
DA:323,0
DA:324,0
DA:326,0
DA:328,0
DA:329,0
DA:334,2
DA:335,0
DA:336,0
DA:337,0
DA:340,0
DA:343,0
DA:346,0
DA:347,0
DA:348,0
DA:352,0
DA:353,0
DA:355,0
DA:357,0
DA:358,0
DA:363,2
DA:364,0
DA:365,0
DA:366,0
DA:369,0
DA:370,0
DA:371,0
DA:375,0
DA:377,0
DA:379,0
DA:380,0
DA:385,2
DA:386,0
DA:387,0
DA:388,0
DA:391,0
DA:392,0
DA:393,0
DA:397,0
DA:399,0
DA:401,0
DA:402,0
DA:407,2
DA:408,0
DA:409,0
DA:410,0
DA:413,0
DA:414,0
DA:415,0
DA:419,0
DA:422,0
DA:426,0
DA:427,0
DA:431,0
DA:434,0
DA:443,0
DA:446,0
DA:448,0
DA:453,0
DA:454,0
DA:458,2
LF:195
LH:30
BRDA:27,0,0,0
BRDA:27,0,1,0
BRDA:81,1,0,0
BRDA:81,1,1,0
BRDA:87,2,0,0
BRDA:87,2,1,0
BRDA:93,3,0,0
BRDA:93,3,1,0
BRDA:123,4,0,0
BRDA:123,4,1,2
BRDA:133,5,0,2
BRDA:133,5,1,0
BRDA:204,6,0,0
BRDA:204,6,1,0
BRDA:228,7,0,0
BRDA:228,7,1,0
BRDA:234,8,0,0
BRDA:234,8,1,0
BRDA:235,9,0,0
BRDA:235,9,1,0
BRDA:265,10,0,0
BRDA:265,10,1,0
BRDA:300,11,0,0
BRDA:300,11,1,0
BRDA:306,12,0,0
BRDA:306,12,1,0
BRDA:312,13,0,0
BRDA:312,13,1,0
BRDA:346,14,0,0
BRDA:346,14,1,0
BRDA:369,15,0,0
BRDA:369,15,1,0
BRDA:369,16,0,0
BRDA:369,16,1,0
BRDA:391,17,0,0
BRDA:391,17,1,0
BRDA:391,18,0,0
BRDA:391,18,1,0
BRDA:409,19,0,0
BRDA:413,20,0,0
BRDA:413,20,1,0
BRDA:422,21,0,0
BRDA:422,21,1,0
BRDA:423,22,0,0
BRDA:423,22,1,0
BRF:45
BRH:2
end_of_record
TN:
SF:docs\swagger.js
FNF:0
FNH:0
DA:2,2
DA:4,2
DA:282,2
LF:3
LH:3
BRF:0
BRH:0
end_of_record
TN:
SF:middleware\auth.js
FN:7,(anonymous_0)
FNF:1
FNH:1
FNDA:5,(anonymous_0)
DA:3,2
DA:4,2
DA:5,2
DA:7,2
DA:8,5
DA:10,5
DA:11,1
DA:12,1
DA:16,4
DA:19,4
DA:22,4
DA:23,4
DA:24,4
DA:28,0
DA:31,0
DA:32,0
DA:33,0
DA:37,0
DA:38,0
DA:40,0
DA:44,2
LF:21
LH:14
BRDA:10,0,0,1
BRDA:10,0,1,4
BRDA:22,1,0,4
BRDA:22,1,1,0
BRDA:31,2,0,0
BRDA:31,2,1,0
BRF:6
BRH:3
end_of_record
TN:
SF:middleware\owner.js
FN:7,(anonymous_0)
FN:8,(anonymous_1)
FNF:2
FNH:0
FNDA:0,(anonymous_0)
FNDA:0,(anonymous_1)
DA:3,2
DA:4,2
DA:7,2
DA:8,0
DA:9,0
DA:11,0
DA:12,0
DA:15,0
DA:16,0
DA:17,0
DA:21,0
DA:23,0
DA:24,0
DA:25,0
DA:29,0
DA:32,0
DA:33,0
DA:34,0
DA:38,0
DA:39,0
DA:43,0
DA:44,0
DA:46,0
DA:49,0
DA:50,0
DA:51,0
DA:53,0
DA:59,0
DA:61,0
DA:62,0
DA:66,2
LF:31
LH:4
BRDA:7,0,0,0
BRDA:15,1,0,0
BRDA:15,1,1,0
BRDA:23,2,0,0
BRDA:23,2,1,0
BRDA:32,3,0,0
BRDA:32,3,1,0
BRDA:38,4,0,0
BRDA:38,4,1,0
BRDA:38,5,0,0
BRDA:38,5,1,0
BRDA:43,6,0,0
BRDA:43,6,1,0
BRDA:43,7,0,0
BRDA:43,7,1,0
BRDA:44,8,0,0
BRDA:44,8,1,0
BRDA:49,9,0,0
BRDA:49,9,1,0
BRDA:51,10,0,0
BRDA:51,10,1,0
BRDA:51,11,0,0
BRDA:51,11,1,0
BRF:23
BRH:0
end_of_record
TN:
SF:middleware\role.js
FN:5,(anonymous_0)
FN:5,(anonymous_1)
FN:19,(anonymous_2)
FNF:3
FNH:0
FNDA:0,(anonymous_0)
FNDA:0,(anonymous_1)
FNDA:0,(anonymous_2)
DA:3,2
DA:5,2
DA:6,0
DA:7,0
DA:10,0
DA:11,0
DA:12,0
DA:16,0
DA:19,0
DA:22,0
DA:23,0
DA:24,0
DA:28,0
DA:30,0
DA:34,2
LF:15
LH:3
BRDA:10,0,0,0
BRDA:10,0,1,0
BRDA:22,1,0,0
BRDA:22,1,1,0
BRF:4
BRH:0
end_of_record
TN:
SF:middleware\verified.js
FN:5,(anonymous_0)
FNF:1
FNH:0
FNDA:0,(anonymous_0)
DA:3,2
DA:5,2
DA:6,0
DA:7,0
DA:10,0
DA:11,0
DA:12,0
DA:16,0
DA:17,0
DA:18,0
DA:22,0
DA:24,0
DA:28,2
LF:13
LH:3
BRDA:10,0,0,0
BRDA:10,0,1,0
BRDA:16,1,0,0
BRDA:16,1,1,0
BRF:4
BRH:0
end_of_record
TN:
SF:models\client.js
FNF:0
FNH:0
DA:3,2
DA:4,2
DA:6,2
DA:54,2
DA:56,2
LF:5
LH:5
BRF:0
BRH:0
end_of_record
TN:
SF:models\company.js
FNF:0
FNH:0
DA:3,2
DA:4,2
DA:6,2
DA:56,2
DA:58,2
LF:5
LH:5
BRF:0
BRH:0
end_of_record
TN:
SF:models\deliveryNote.js
FN:109,(anonymous_0)
FN:145,(anonymous_1)
FN:150,(anonymous_2)
FN:159,(anonymous_3)
FNF:4
FNH:0
FNDA:0,(anonymous_0)
FNDA:0,(anonymous_1)
FNDA:0,(anonymous_2)
FNDA:0,(anonymous_3)
DA:3,2
DA:4,2
DA:7,2
DA:26,2
DA:41,2
DA:109,2
DA:110,0
DA:111,0
DA:112,0
DA:115,0
DA:117,0
DA:120,0
DA:129,0
DA:130,0
DA:131,0
DA:132,0
DA:136,0
DA:138,0
DA:140,0
DA:145,2
DA:146,0
DA:149,0
DA:150,0
DA:151,0
DA:152,0
DA:158,0
DA:159,0
DA:160,0
DA:161,0
DA:166,0
DA:171,0
DA:175,2
DA:177,2
LF:33
LH:9
BRDA:111,0,0,0
BRDA:111,0,1,0
BRDA:130,1,0,0
BRDA:130,1,1,0
BRDA:149,2,0,0
BRDA:149,2,1,0
BRDA:149,3,0,0
BRDA:149,3,1,0
BRDA:151,4,0,0
BRDA:151,4,1,0
BRDA:151,5,0,0
BRDA:151,5,1,0
BRDA:151,5,2,0
BRDA:158,6,0,0
BRDA:158,6,1,0
BRDA:158,7,0,0
BRDA:158,7,1,0
BRDA:160,8,0,0
BRDA:160,8,1,0
BRDA:160,9,0,0
BRDA:160,9,1,0
BRDA:160,9,2,0
BRF:22
BRH:0
end_of_record
TN:
SF:models\index.js
FNF:0
FNH:0
DA:2,2
LF:1
LH:1
BRF:0
BRH:0
end_of_record
TN:
SF:models\invitation.js
FN:34,(anonymous_0)
FNF:1
FNH:0
FNDA:0,(anonymous_0)
DA:3,2
DA:5,2
DA:35,0
DA:37,0
DA:55,2
LF:5
LH:3
BRF:0
BRH:0
end_of_record
TN:
SF:models\project.js
FNF:0
FNH:0
DA:3,2
DA:4,2
DA:6,2
DA:57,2
DA:59,2
LF:5
LH:5
BRF:0
BRH:0
end_of_record
TN:
SF:models\storage.js
FNF:0
FNH:0
DA:3,2
DA:4,2
DA:6,2
DA:47,2
DA:49,2
LF:5
LH:5
BRF:0
BRH:0
end_of_record
TN:
SF:models\user.js
FNF:0
FNH:0
DA:3,2
DA:4,2
DA:6,2
DA:70,2
DA:72,2
LF:5
LH:5
BRF:0
BRH:0
end_of_record
TN:
SF:routes\client.js
FNF:0
FNH:0
DA:3,2
DA:4,2
DA:5,2
DA:6,2
DA:7,2
DA:14,2
DA:26,2
DA:34,2
DA:46,2
DA:54,2
DA:63,2
DA:77,2
DA:85,2
DA:96,2
DA:104,2
DA:106,2
LF:16
LH:16
BRF:0
BRH:0
end_of_record
TN:
SF:routes\deliveryNote.js
FNF:0
FNH:0
DA:3,2
DA:4,2
DA:5,2
DA:6,2
DA:7,2
DA:14,2
DA:24,2
DA:33,2
DA:45,2
DA:53,2
DA:62,2
DA:76,2
DA:91,2
DA:104,2
DA:111,2
LF:15
LH:15
BRF:0
BRH:0
end_of_record
TN:
SF:routes\index.js
FN:7,(anonymous_0)
FN:12,(anonymous_1)
FN:29,(anonymous_2)
FNF:3
FNH:2
FNDA:10,(anonymous_0)
FNDA:10,(anonymous_1)
FNDA:0,(anonymous_2)
DA:1,2
DA:2,2
DA:3,2
DA:4,2
DA:7,2
DA:8,10
DA:12,2
DA:13,10
DA:14,10
DA:17,10
DA:18,8
DA:19,8
DA:20,8
DA:21,8
DA:23,0
DA:29,2
DA:30,0
DA:33,2
LF:18
LH:16
BRDA:17,0,0,8
BRDA:17,0,1,2
BRF:2
BRH:2
end_of_record
TN:
SF:routes\project.js
FNF:0
FNH:0
DA:3,2
DA:4,2
DA:5,2
DA:6,2
DA:7,2
DA:14,2
DA:26,2
DA:36,2
DA:48,2
DA:56,2
DA:65,2
DA:79,2
DA:87,2
DA:98,2
DA:106,2
DA:113,2
LF:16
LH:16
BRF:0
BRH:0
end_of_record
TN:
SF:routes\user.js
FNF:0
FNH:0
DA:4,2
DA:5,2
DA:6,2
DA:7,2
DA:8,2
DA:9,2
DA:22,2
DA:38,2
DA:45,2
DA:52,2
DA:59,2
DA:65,2
DA:72,2
DA:79,2
DA:85,2
DA:91,2
DA:98,2
DA:111,2
DA:119,2
DA:127,2
DA:135,2
LF:21
LH:21
BRF:0
BRH:0
end_of_record
TN:
SF:utils\handleEmail.js
FN:7,(anonymous_0)
FN:28,(anonymous_1)
FN:36,(anonymous_2)
FN:42,(anonymous_3)
FNF:4
FNH:0
FNDA:0,(anonymous_0)
FNDA:0,(anonymous_1)
FNDA:0,(anonymous_2)
FNDA:0,(anonymous_3)
DA:4,2
DA:7,2
DA:8,0
DA:10,0
DA:11,0
DA:12,0
DA:13,0
DA:14,0
DA:20,0
DA:22,0
DA:23,0
DA:28,2
DA:29,0
DA:32,0
DA:36,2
DA:37,0
DA:38,0
DA:42,2
DA:43,0
DA:46,0
DA:47,0
DA:50,2
LF:22
LH:6
BRDA:16,0,0,0
BRDA:16,0,1,0
BRF:2
BRH:0
end_of_record
TN:
SF:utils\handleError.js
FN:3,(anonymous_0)
FNF:1
FNH:1
FNDA:7,(anonymous_0)
DA:3,2
DA:4,7
DA:5,7
DA:9,2
LF:4
LH:4
BRDA:3,0,0,0
BRDA:3,1,0,0
BRF:2
BRH:0
end_of_record
TN:
SF:utils\handleJWT.js
FN:7,(anonymous_0)
FN:27,(anonymous_1)
FNF:2
FNH:1
FNDA:0,(anonymous_0)
FNDA:4,(anonymous_1)
DA:1,2
DA:4,2
DA:7,2
DA:8,0
DA:9,0
DA:19,0
DA:21,0
DA:22,0
DA:27,2
DA:28,4
DA:29,4
DA:31,4
DA:32,4
DA:36,2
LF:14
LH:9
BRDA:4,0,0,2
BRDA:4,0,1,0
BRF:2
BRH:1
end_of_record
TN:
SF:utils\handleLogger.js
FN:10,(anonymous_0)
FNF:1
FNH:1
FNDA:38,(anonymous_0)
DA:3,2
DA:6,2
DA:9,2
DA:11,38
DA:17,2
LF:5
LH:5
BRF:0
BRH:0
end_of_record
TN:
SF:utils\handlePassword.js
FN:6,(anonymous_0)
FN:12,(anonymous_1)
FNF:2
FNH:2
FNDA:2,(anonymous_0)
FNDA:2,(anonymous_1)
DA:3,2
DA:6,2
DA:7,2
DA:8,2
DA:12,2
DA:13,2
DA:16,2
LF:7
LH:7
BRF:0
BRH:0
end_of_record
TN:
SF:utils\handleStorage.js
FN:8,(anonymous_0)
FN:12,(anonymous_1)
FNF:2
FNH:0
FNDA:0,(anonymous_0)
FNDA:0,(anonymous_1)
DA:3,2
DA:4,2
DA:7,2
DA:9,0
DA:10,0
DA:14,0
DA:16,0
DA:17,0
DA:22,2
DA:25,2
DA:28,2
DA:30,2
LF:12
LH:7
BRF:0
BRH:0
end_of_record
TN:
SF:utils\handleUploadIPFS.js
FN:2,(anonymous_0)
FN:53,(anonymous_1)
FNF:2
FNH:0
FNDA:0,(anonymous_0)
FNDA:0,(anonymous_1)
DA:2,2
DA:3,0
DA:4,0
DA:5,0
DA:8,0
DA:9,0
DA:10,0
DA:13,0
DA:16,0
DA:19,0
DA:22,0
DA:26,0
DA:27,0
DA:36,0
DA:37,0
DA:42,0
DA:43,0
DA:45,0
DA:48,0
DA:53,2
DA:54,0
DA:57,2
LF:22
LH:3
BRDA:36,0,0,0
BRDA:36,0,1,0
BRF:2
BRH:0
end_of_record
TN:
SF:utils\handleValidator.js
FN:6,(anonymous_0)
FNF:1
FNH:1
FNDA:5,(anonymous_0)
DA:3,2
DA:6,2
DA:7,5
DA:8,5
DA:9,2
DA:11,3
DA:12,3
DA:16,2
LF:8
LH:8
BRF:0
BRH:0
end_of_record
TN:
SF:validators\client.js
FN:22,(anonymous_0)
FN:41,(anonymous_1)
FN:47,(anonymous_2)
FNF:3
FNH:0
FNDA:0,(anonymous_0)
FNDA:0,(anonymous_1)
FNDA:0,(anonymous_2)
DA:3,2
DA:4,2
DA:7,2
DA:22,0
DA:26,2
DA:41,0
DA:45,2
DA:47,0
DA:50,2
LF:9
LH:6
BRF:0
BRH:0
end_of_record
TN:
SF:validators\deliveryNote.js
FN:38,(anonymous_0)
FN:47,(anonymous_1)
FN:53,(anonymous_2)
FN:60,(anonymous_3)
FNF:4
FNH:0
FNDA:0,(anonymous_0)
FNDA:0,(anonymous_1)
FNDA:0,(anonymous_2)
FNDA:0,(anonymous_3)
DA:3,2
DA:4,2
DA:7,2
DA:21,2
DA:31,2
DA:38,0
DA:42,2
DA:47,0
DA:51,2
DA:53,0
DA:57,2
DA:60,0
DA:63,2
LF:13
LH:9
BRF:0
BRH:0
end_of_record
TN:
SF:validators\project.js
FN:20,(anonymous_0)
FN:36,(anonymous_1)
FN:42,(anonymous_2)
FNF:3
FNH:0
FNDA:0,(anonymous_0)
FNDA:0,(anonymous_1)
FNDA:0,(anonymous_2)
DA:3,2
DA:4,2
DA:7,2
DA:20,0
DA:24,2
DA:36,0
DA:40,2
DA:42,0
DA:45,2
LF:9
LH:6
BRF:0
BRH:0
end_of_record
TN:
SF:validators\user.js
FN:19,(anonymous_0)
FN:26,(anonymous_1)
FN:32,(anonymous_2)
FN:38,(anonymous_3)
FN:54,(anonymous_4)
FN:71,(anonymous_5)
FN:83,(anonymous_6)
FN:89,(anonymous_7)
FN:96,(anonymous_8)
FNF:9
FNH:2
FNDA:3,(anonymous_0)
FNDA:2,(anonymous_1)
FNDA:0,(anonymous_2)
FNDA:0,(anonymous_3)
FNDA:0,(anonymous_4)
FNDA:0,(anonymous_5)
FNDA:0,(anonymous_6)
FNDA:0,(anonymous_7)
FNDA:0,(anonymous_8)
DA:3,2
DA:4,2
DA:6,2
DA:19,3
DA:23,2
DA:26,2
DA:30,2
DA:32,0
DA:36,2
DA:38,0
DA:42,2
DA:54,0
DA:58,2
DA:71,0
DA:75,2
DA:83,0
DA:87,2
DA:89,0
DA:93,2
DA:96,0
DA:99,2
LF:21
LH:14
BRF:0
BRH:0
end_of_record
